/*C11*/SET SCHEMA PUBLIC
DROP TABLE event
/*C12*/SET SCHEMA PUBLIC
CREATE TABLE IF NOT EXISTS event ( id VARCHAR(255),duration TIMESTAMP,type VARCHAR(100),host VARCHAR(255),alert BOOLEAN )
/*C13*/SET SCHEMA PUBLIC
INSERT INTO EVENT VALUES('scsmbstgra',NULL,'APPLICATION_LOG','12345',FALSE)
COMMIT
/*C14*/SET SCHEMA PUBLIC
DELETE FROM EVENT WHERE ID='scsmbstgra' AND DURATION IS NULL AND TYPE='APPLICATION_LOG' AND HOST='12345' AND ALERT=FALSE
INSERT INTO EVENT VALUES('scsmbstgra','1970-01-01 01:00:00.005000','APPLICATION_LOG','12345',TRUE)
COMMIT
/*C15*/SET SCHEMA PUBLIC
INSERT INTO EVENT VALUES('scsmbstgrb',NULL,NULL,NULL,FALSE)
COMMIT
/*C16*/SET SCHEMA PUBLIC
DELETE FROM EVENT WHERE ID='scsmbstgrb' AND DURATION IS NULL AND TYPE IS NULL AND HOST IS NULL AND ALERT=FALSE
INSERT INTO EVENT VALUES('scsmbstgrb','1970-01-01 01:00:00.003000',NULL,NULL,FALSE)
COMMIT
/*C17*/SET SCHEMA PUBLIC
INSERT INTO EVENT VALUES('scsmbstgrc',NULL,NULL,NULL,FALSE)
COMMIT
/*C18*/SET SCHEMA PUBLIC
DELETE FROM EVENT WHERE ID='scsmbstgrc' AND DURATION IS NULL AND TYPE IS NULL AND HOST IS NULL AND ALERT=FALSE
INSERT INTO EVENT VALUES('scsmbstgrc','1970-01-01 01:00:00.008000',NULL,NULL,TRUE)
COMMIT
/*C11*/DISCONNECT
/*C12*/DISCONNECT
/*C17*/DISCONNECT
/*C16*/DISCONNECT
/*C13*/DISCONNECT
/*C14*/DISCONNECT
/*C15*/DISCONNECT
/*C18*/DISCONNECT
/*C19*/SET SCHEMA PUBLIC
DISCONNECT
