/*C2*/SET SCHEMA PUBLIC
DISCONNECT
/*C3*/SET SCHEMA PUBLIC
DISCONNECT
/*C4*/SET SCHEMA PUBLIC
INSERT INTO EVENT VALUES('scsmbstgra','FINISHED','2017-04-05 08:31:35.217000','APPLICATION_LOG','12345')
COMMIT
DISCONNECT
/*C5*/SET SCHEMA PUBLIC
INSERT INTO EVENT VALUES('scsmbstgrc','FINISHED','2017-04-05 08:31:35.218000',NULL,NULL)
COMMIT
DISCONNECT
/*C6*/SET SCHEMA PUBLIC
INSERT INTO EVENT VALUES('scsmbstgra','FINISHED','2017-04-05 08:31:35.217000','APPLICATION_LOG','12345')
COMMIT
DISCONNECT
/*C7*/SET SCHEMA PUBLIC
INSERT INTO EVENT VALUES('scsmbstgrc','FINISHED','2017-04-05 08:31:35.218000',NULL,NULL)
COMMIT
DISCONNECT
/*C8*/SET SCHEMA PUBLIC
INSERT INTO EVENT VALUES('scsmbstgra','FINISHED','2017-04-05 08:31:35.217000','APPLICATION_LOG','12345')
COMMIT
DISCONNECT
/*C9*/SET SCHEMA PUBLIC
INSERT INTO EVENT VALUES('scsmbstgrc','FINISHED','2017-04-05 08:31:35.218000',NULL,NULL)
COMMIT
DISCONNECT
